2025-02-06 22:24:22,228 - api_test - DEBUG - debug
2025-02-06 22:24:22,228 - api_test - INFO - info
2025-02-06 22:24:22,228 - api_test - WARNING - warning
2025-02-06 22:24:22,228 - api_test - ERROR - error
2025-02-06 22:24:22,228 - api_test - CRITICAL - critical
2025-02-06 22:28:29,542 - api_test - DEBUG - This is a debug message.
2025-02-06 22:28:29,542 - api_test - INFO - This is an info message.
2025-02-06 22:28:29,542 - api_test - WARNING - This is a warning message.
2025-02-06 22:28:29,542 - api_test - ERROR - This is an error message.
2025-02-06 22:28:29,543 - api_test - CRITICAL - This is a critical message.
2025-02-06 22:35:25,594 - api_test - INFO - GET https://api.example.com/v1/
2025-02-06 22:35:25,595 - api_test - ERROR - GET https://api.example.com/v1/ - requests.sessions.Session.request() got multiple values for keyword argument 'timeout'
2025-02-06 22:37:14,582 - api_test - INFO - GET http://ws.webxml.com.cn/WebServices/WeatherWS.asmx/getWeather/
2025-02-06 22:37:14,583 - api_test - ERROR - GET http://ws.webxml.com.cn/WebServices/WeatherWS.asmx/getWeather/ - requests.sessions.Session.request() got multiple values for keyword argument 'timeout'
2025-02-06 22:38:58,719 - api_test - INFO - GET http://ws.webxml.com.cn/WebServices/WeatherWS.asmx/getWeather/
2025-02-06 22:38:59,234 - api_test - ERROR - GET http://ws.webxml.com.cn/WebServices/WeatherWS.asmx/getWeather/ - 500 Server Error: Internal Server Error for url: http://ws.webxml.com.cn/WebServices/WeatherWS.asmx/getWeather/
2025-02-06 22:38:59,234 - api_test - INFO - GET http://ws.webxml.com.cn/WebServices/WeatherWS.asmx/getWeather/ - 500
2025-02-06 22:38:59,235 - api_test - DEBUG - GET http://ws.webxml.com.cn/WebServices/WeatherWS.asmx/getWeather/ - getWeather/ Web 服务方法名无效。

2025-02-06 22:38:59,235 - api_test - DEBUG - GET http://ws.webxml.com.cn/WebServices/WeatherWS.asmx/getWeather/ - {'Connection': 'close', 'Content-Length': '42', 'Cache-Control': 'private', 'Content-Type': 'text/plain; charset=utf-8', 'Date': 'Thu, 06 Feb 2025 14:39:02 GMT', 'Server': 'Microsoft-IIS/7.5', 'X-Aspnet-Version': '2.0.50727', 'X-Powered-By': 'ASP.NET'}
2025-02-06 22:38:59,235 - api_test - DEBUG - GET http://ws.webxml.com.cn/WebServices/WeatherWS.asmx/getWeather/ - <RequestsCookieJar[]>
2025-02-06 22:38:59,236 - api_test - DEBUG - GET http://ws.webxml.com.cn/WebServices/WeatherWS.asmx/getWeather/ - http://ws.webxml.com.cn/WebServices/WeatherWS.asmx/getWeather/
2025-02-06 22:39:53,686 - api_test - INFO - GET http://ws.webxml.com.cn/WebServices/WeatherWS.asmx/getRegionProvince/
2025-02-06 22:39:54,217 - api_test - ERROR - GET http://ws.webxml.com.cn/WebServices/WeatherWS.asmx/getRegionProvince/ - 500 Server Error: Internal Server Error for url: http://ws.webxml.com.cn/WebServices/WeatherWS.asmx/getRegionProvince/
2025-02-06 22:39:54,218 - api_test - INFO - GET http://ws.webxml.com.cn/WebServices/WeatherWS.asmx/getRegionProvince/ - 500
2025-02-06 22:39:54,218 - api_test - DEBUG - GET http://ws.webxml.com.cn/WebServices/WeatherWS.asmx/getRegionProvince/ - getRegionProvince/ Web 服务方法名无效。

2025-02-06 22:39:54,219 - api_test - DEBUG - GET http://ws.webxml.com.cn/WebServices/WeatherWS.asmx/getRegionProvince/ - {'Connection': 'close', 'Content-Length': '49', 'Cache-Control': 'private', 'Content-Type': 'text/plain; charset=utf-8', 'Date': 'Thu, 06 Feb 2025 14:39:57 GMT', 'Server': 'Microsoft-IIS/7.5', 'X-Aspnet-Version': '2.0.50727', 'X-Powered-By': 'ASP.NET'}
2025-02-06 22:39:54,219 - api_test - DEBUG - GET http://ws.webxml.com.cn/WebServices/WeatherWS.asmx/getRegionProvince/ - <RequestsCookieJar[]>
2025-02-06 22:39:54,219 - api_test - DEBUG - GET http://ws.webxml.com.cn/WebServices/WeatherWS.asmx/getRegionProvince/ - http://ws.webxml.com.cn/WebServices/WeatherWS.asmx/getRegionProvince/
2025-02-06 22:42:05,925 - api_test - INFO - Request: GET http://ws.webxml.com.cn/WebServices/WeatherWS.asmx/getRegionProvincehttp://ws.webxml.com.cn/WebServices/WeatherWS.asmx/getRegionProvince
2025-02-06 22:42:06,038 - api_test - INFO - Response: 400
2025-02-06 22:47:37,586 - api_test - INFO - Request: POST http://ws.webxml.com.cn/WebServices/WeatherWS.asmx/getRegionProvincehttps://test.skywayplatform.com/manage/pums-manage/manage/auth/ossLogin
2025-02-06 22:47:37,705 - api_test - INFO - Response: 400
2025-02-06 22:48:55,995 - api_test - INFO - Request: POST http://test.skywayplatform.comhttps://test.skywayplatform.com/manage/pums-manage/manage/auth/ossLogin
2025-02-06 22:48:56,853 - api_test - INFO - Response: 502
2025-02-06 22:49:10,147 - api_test - INFO - Request: POST http://test.skywayplatform.com/manage/pums-manage/manage/auth/ossLogin
2025-02-06 22:49:13,281 - api_test - INFO - Response: 502
2025-02-06 22:50:00,739 - api_test - INFO - Request: POST http://test.skywayplatform.com/manage/pums-manage/manage/auth/ossLogin
2025-02-06 22:50:02,364 - api_test - INFO - Response: 200
2025-02-06 22:52:34,232 - api_test - INFO - Request: POST http://test.skywayplatform.com/manage/pums-manage/manage/auth/ossLogin
2025-02-06 22:52:35,549 - api_test - INFO - Response: 200
2025-02-06 22:54:12,979 - api_test - INFO - Request: POST http://test.skywayplatform.com/manage/pums-manage/manage/auth/ossLogin
2025-02-06 22:54:16,279 - api_test - INFO - Response: 502
2025-02-06 22:54:44,889 - api_test - INFO - Request: POST http://test.skywayplatform.com/manage/pums-manage/manage/auth/ossLogin
2025-02-06 22:54:46,766 - api_test - INFO - Response: 200
2025-02-06 22:55:44,424 - api_test - INFO - Request: POST http://test.skywayplatform.com/manage/pums-manage/manage/auth/ossLogin
2025-02-06 22:55:50,696 - api_test - INFO - Response: 200
2025-02-06 22:57:18,422 - api_test - INFO - Request: GET https://movie.douban.com/top250
2025-02-06 22:57:18,733 - api_test - INFO - Response: 418
2025-02-06 22:57:50,712 - api_test - INFO - Request: GET https://movie.douban.com/top250
2025-02-06 22:57:51,096 - api_test - INFO - Response: 418
2025-02-06 22:58:28,989 - api_test - INFO - Request: GET https://movie.douban.com/top250
2025-02-06 22:58:29,266 - api_test - INFO - Response: 418
2025-02-06 22:58:29,267 - api_test - ERROR - Request failed: 418
2025-02-06 22:58:29,267 - api_test - ERROR - Request failed: Request failed: 418
2025-02-06 23:00:10,915 - api_test - INFO - Request: GET http://ws.webxml.com.cn/WebServices/WeatherWS.asmx/getSupportCityString
2025-02-06 23:00:11,030 - api_test - INFO - Response: 500
2025-02-06 23:00:58,497 - api_test - INFO - Request: POST http://ws.webxml.com.cn/WebServices/WeatherWS.asmx/getSupportCityString
2025-02-06 23:00:58,606 - api_test - INFO - Response: 500
2025-02-06 23:01:53,022 - api_test - INFO - Request: POST http://ws.webxml.com.cn/WebServices/WeatherWS.asmx/getSupportCityString
2025-02-06 23:01:53,138 - api_test - INFO - Response: 500
2025-02-06 23:02:17,218 - api_test - INFO - Request: POST http://ws.webxml.com.cn/WebServices/WeatherWS.asmx/getSupportCityString
2025-02-06 23:02:17,347 - api_test - INFO - Response: 200
2025-02-06 23:03:34,646 - api_test - INFO - Request: POST http://ws.webxml.com.cn/WebServices/WeatherWS.asmx/getSupportCityString
2025-02-06 23:03:34,753 - api_test - INFO - Response: 200
2025-02-06 23:03:34,754 - api_test - INFO - Request: GET http://ws.webxml.com.cn/WebServices/WeatherWS.asmx/getRegionProvince
2025-02-06 23:03:34,878 - api_test - INFO - Response: 200
2025-02-06 23:03:51,133 - api_test - INFO - Request: POST http://ws.webxml.com.cn/WebServices/WeatherWS.asmx/getSupportCityString
2025-02-06 23:03:51,242 - api_test - INFO - Response: 200
2025-02-06 23:03:51,244 - api_test - INFO - Request: GET http://ws.webxml.com.cn/WebServices/WeatherWS.asmx/getRegionProvince
2025-02-06 23:03:51,334 - api_test - INFO - Response: 200
2025-02-06 23:21:24,451 - api_test - INFO - Request: POST https://reqres.in/apilogin
2025-02-06 23:21:26,113 - api_test - INFO - Response: 404
2025-02-06 23:23:55,329 - api_test - INFO - Request: POST https://reqres.in/api/login
2025-02-06 23:23:56,269 - api_test - INFO - Response: 400
2025-02-06 23:23:56,270 - api_test - INFO - Request: GET https://reqres.in/api/users
2025-02-06 23:23:56,527 - api_test - INFO - Response: 200
2025-02-06 23:25:06,475 - api_test - INFO - Request: POST https://reqres.in/api/login
2025-02-06 23:25:07,550 - api_test - INFO - Response: 400
2025-02-06 23:25:07,550 - api_test - INFO - Request: GET https://reqres.in/api/users
2025-02-06 23:25:08,425 - api_test - INFO - Response: 200
2025-02-06 23:26:08,839 - api_test - INFO - Testing login with admin/password
2025-02-06 23:26:08,840 - api_test - INFO - Request: POST https://reqres.in/api/login
2025-02-06 23:26:09,874 - api_test - INFO - Response: 400
2025-02-06 23:26:09,985 - api_test - INFO - Testing login with invalid_user/password
2025-02-06 23:26:09,985 - api_test - INFO - Request: POST https://reqres.in/api/login
2025-02-06 23:26:10,566 - api_test - INFO - Response: 400
2025-02-06 23:26:10,572 - api_test - INFO - Testing login with admin/wrong_password
2025-02-06 23:26:10,573 - api_test - INFO - Request: POST https://reqres.in/api/login
2025-02-06 23:26:11,094 - api_test - INFO - Response: 400
2025-02-06 23:27:30,438 - api_test - INFO - Testing login with admin/password
2025-02-06 23:27:30,438 - api_test - INFO - Request: POST https://reqres.in/api/login
2025-02-06 23:27:31,794 - api_test - INFO - Response: 400
2025-02-06 23:27:31,795 - api_test - ERROR - Request failed with status code {"error":"user not found"}
2025-02-06 23:27:31,795 - api_test - ERROR - Request failed: Request failed with status code 400
2025-02-06 23:27:31,905 - api_test - INFO - Testing login with invalid_user/password
2025-02-06 23:27:31,905 - api_test - INFO - Request: POST https://reqres.in/api/login
2025-02-06 23:27:32,684 - api_test - INFO - Response: 400
2025-02-06 23:27:32,684 - api_test - ERROR - Request failed with status code {"error":"user not found"}
2025-02-06 23:27:32,685 - api_test - ERROR - Request failed: Request failed with status code 400
2025-02-06 23:27:32,694 - api_test - INFO - Testing login with admin/wrong_password
2025-02-06 23:27:32,695 - api_test - INFO - Request: POST https://reqres.in/api/login
2025-02-06 23:27:33,170 - api_test - INFO - Response: 400
2025-02-06 23:27:33,170 - api_test - ERROR - Request failed with status code {"error":"user not found"}
2025-02-06 23:27:33,171 - api_test - ERROR - Request failed: Request failed with status code 400
2025-02-06 23:28:17,389 - api_test - INFO - Testing login with admin/password
2025-02-06 23:28:17,389 - api_test - INFO - Request: POST https://reqres.in/api/login
2025-02-06 23:28:18,454 - api_test - INFO - Response: 400
2025-02-06 23:28:18,454 - api_test - ERROR - Request failed with status code {"error":"user not found"}
2025-02-06 23:28:18,567 - api_test - INFO - Testing login with invalid_user/password
2025-02-06 23:28:18,568 - api_test - INFO - Request: POST https://reqres.in/api/login
2025-02-06 23:28:19,090 - api_test - INFO - Response: 400
2025-02-06 23:28:19,091 - api_test - ERROR - Request failed with status code {"error":"user not found"}
2025-02-06 23:28:19,097 - api_test - INFO - Testing login with admin/wrong_password
2025-02-06 23:28:19,098 - api_test - INFO - Request: POST https://reqres.in/api/login
2025-02-06 23:28:19,863 - api_test - INFO - Response: 400
2025-02-06 23:28:19,864 - api_test - ERROR - Request failed with status code {"error":"user not found"}
2025-02-07 00:50:26,876 - api_test - ERROR - 文件路径为空,会使用默认路径
2025-02-07 00:50:26,877 - api_test - ERROR - 读取excel失败,sheet_name:Login,user_cols:['账号名', '密码', '预期结果定位', '预期结果'],skip_rows:1,chunk_size:100
2025-02-07 00:51:08,703 - api_test - ERROR - 文件路径为空,会使用默认路径
2025-02-07 00:51:08,703 - api_test - ERROR - read_excel() got an unexpected keyword argument 'chunksize',读取excel失败,sheet_name:Login,user_cols:['账号名', '密码', '预期结果定位', '预期结果'],skip_rows:1,chunk_size:100
2025-02-07 00:51:25,344 - api_test - ERROR - 文件路径为空,会使用默认路径
2025-02-07 00:51:25,346 - api_test - ERROR - [Errno 2] No such file or directory: 'D:\\projects\\API_autotest\\untils\\data\\test_data.xlsx',读取excel失败,sheet_name:Login,user_cols:['账号名', '密码', '预期结果定位', '预期结果'],skip_rows:None,chunk_size:None
2025-02-07 00:51:50,152 - api_test - ERROR - 文件路径为空,会使用默认路径
2025-02-07 00:51:50,153 - api_test - ERROR - [Errno 2] No such file or directory: 'D:\\projects\\API_autotest\\untils\\..\\date\\casedata.xlsx',读取excel失败,sheet_name:Login,user_cols:['账号名', '密码', '预期结果定位', '预期结果'],skip_rows:None,chunk_size:None
2025-02-07 00:52:13,694 - api_test - ERROR - 文件路径为空,会使用默认路径
2025-02-07 00:52:13,696 - api_test - ERROR - [Errno 2] No such file or directory: 'D:\\projects\\API_autotest\\untils\\.\\date\\casedata.xlsx',读取excel失败,sheet_name:Login,user_cols:['账号名', '密码', '预期结果定位', '预期结果'],skip_rows:None,chunk_size:None
2025-02-07 00:52:32,574 - api_test - ERROR - 文件路径为空,会使用默认路径
2025-02-07 00:52:32,576 - api_test - ERROR - [Errno 2] No such file or directory: 'D:\\projects\\API_autotest\\untils\\.\\data\\casedata.xlsx',读取excel失败,sheet_name:Login,user_cols:['账号名', '密码', '预期结果定位', '预期结果'],skip_rows:None,chunk_size:None
2025-02-07 00:53:08,352 - api_test - ERROR - 文件路径为空,会使用默认路径
2025-02-07 00:53:08,352 - api_test - INFO - 当前路径为:D:\projects\API_autotest\untils
2025-02-07 00:53:08,353 - api_test - ERROR - [Errno 2] No such file or directory: 'D:\\projects\\API_autotest\\untils\\.\\data\\casedata.xlsx',读取excel失败,sheet_name:Login,user_cols:['账号名', '密码', '预期结果定位', '预期结果'],skip_rows:None,chunk_size:None
2025-02-07 00:53:21,535 - api_test - ERROR - 文件路径为空,会使用默认路径
2025-02-07 00:53:21,536 - api_test - INFO - 当前路径为:D:\projects\API_autotest\untils
2025-02-07 00:53:21,536 - api_test - INFO - 文件路径为:D:\projects\API_autotest\untils\.\data\casedata.xlsx
2025-02-07 00:53:21,538 - api_test - ERROR - [Errno 2] No such file or directory: 'D:\\projects\\API_autotest\\untils\\.\\data\\casedata.xlsx',读取excel失败,sheet_name:Login,user_cols:['账号名', '密码', '预期结果定位', '预期结果'],skip_rows:None,chunk_size:None
2025-02-07 00:55:20,621 - api_test - ERROR - 文件路径为空, 将使用默认路径
2025-02-07 00:55:20,621 - api_test - INFO - 默认文件路径为: D:\projects\API_autotest\untils\data\casedata.xlsx
2025-02-07 00:55:20,622 - api_test - ERROR - [Errno 2] No such file or directory: 'D:\\projects\\API_autotest\\untils\\data\\casedata.xlsx',读取excel失败,sheet_name:Login,user_cols:['账号名', '密码', '预期结果定位', '预期结果'],skip_rows:None,chunk_size:None
2025-02-07 00:57:14,745 - api_test - ERROR - 文件路径为空, 将使用默认路径
2025-02-07 00:57:14,745 - api_test - INFO - 默认文件路径为: D:\projects\API_autotest\data\casedata.xlsx
2025-02-07 00:58:19,239 - api_test - INFO - 文件路径为空, 将使用默认路径
2025-02-07 00:58:19,240 - api_test - INFO - 默认文件路径为: D:\projects\API_autotest\data\casedata.xlsx
2025-02-07 00:59:01,857 - api_test - INFO - 文件路径为空, 将使用默认路径
2025-02-07 00:59:01,857 - api_test - INFO - 默认文件路径为: D:\projects\API_autotest\data\casedata.xlsx
2025-02-07 00:59:02,533 - api_test - INFO - 读取excel成功, sheet_name: Login, use_cols: ['账号名', '密码', '预期结果定位', '预期结果'], skip_rows: None
2025-02-07 00:59:02,534 - api_test - INFO - 读取excel成功, sheet_name: Login, use_cols: ['账号名', '密码', '预期结果定位', '预期结果'], skip_rows: None
2025-02-07 00:59:02,535 - api_test - INFO - 读取excel成功, sheet_name: Login, use_cols: ['账号名', '密码', '预期结果定位', '预期结果'], skip_rows: None
2025-02-07 00:59:02,536 - api_test - INFO - 读取excel成功, sheet_name: Login, use_cols: ['账号名', '密码', '预期结果定位', '预期结果'], skip_rows: None
2025-02-07 00:59:02,538 - api_test - INFO - 读取excel成功, sheet_name: Login, use_cols: ['账号名', '密码', '预期结果定位', '预期结果'], skip_rows: None
2025-02-07 00:59:02,538 - api_test - INFO - 读取excel成功, sheet_name: Login, use_cols: ['账号名', '密码', '预期结果定位', '预期结果'], skip_rows: None
2025-02-07 00:59:02,539 - api_test - INFO - 读取excel成功, sheet_name: Login, use_cols: ['账号名', '密码', '预期结果定位', '预期结果'], skip_rows: None
2025-02-07 00:59:02,541 - api_test - INFO - 读取excel成功, sheet_name: Login, use_cols: ['账号名', '密码', '预期结果定位', '预期结果'], skip_rows: None
2025-02-07 00:59:02,542 - api_test - INFO - 读取excel成功, sheet_name: Login, use_cols: ['账号名', '密码', '预期结果定位', '预期结果'], skip_rows: None
2025-02-07 01:04:04,421 - api_test - INFO - 文件路径为空, 将使用默认路径
2025-02-07 01:04:04,422 - api_test - INFO - 默认文件路径为: D:\projects\API_autotest\data\casedata.xlsx
2025-02-07 01:04:04,891 - api_test - INFO - 读取excel成功, sheet_name: Login, use_cols: ['账号名', '密码', '预期结果'], skip_rows: None
2025-02-07 01:04:04,892 - api_test - INFO - 读取excel成功, sheet_name: Login, use_cols: ['账号名', '密码', '预期结果'], skip_rows: None
2025-02-07 01:04:04,893 - api_test - INFO - 读取excel成功, sheet_name: Login, use_cols: ['账号名', '密码', '预期结果'], skip_rows: None
2025-02-07 01:04:04,894 - api_test - INFO - 读取excel成功, sheet_name: Login, use_cols: ['账号名', '密码', '预期结果'], skip_rows: None
2025-02-07 01:04:04,894 - api_test - INFO - 读取excel成功, sheet_name: Login, use_cols: ['账号名', '密码', '预期结果'], skip_rows: None
2025-02-07 01:04:04,894 - api_test - INFO - 读取excel成功, sheet_name: Login, use_cols: ['账号名', '密码', '预期结果'], skip_rows: None
2025-02-07 01:04:04,895 - api_test - INFO - 读取excel成功, sheet_name: Login, use_cols: ['账号名', '密码', '预期结果'], skip_rows: None
2025-02-07 01:04:04,895 - api_test - INFO - 读取excel成功, sheet_name: Login, use_cols: ['账号名', '密码', '预期结果'], skip_rows: None
2025-02-07 01:04:04,896 - api_test - INFO - 读取excel成功, sheet_name: Login, use_cols: ['账号名', '密码', '预期结果'], skip_rows: None
2025-02-07 01:04:04,908 - api_test - INFO - Testing login with admin/d5eFYHi!PNf3Bk~
2025-02-07 01:04:04,909 - api_test - INFO - Request: POST https://reqres.in/api/login
2025-02-07 01:04:05,929 - api_test - INFO - Response: 400
2025-02-07 01:04:05,930 - api_test - ERROR - Request failed with status code {"error":"user not found"}
2025-02-07 01:04:06,202 - api_test - INFO - Testing login with     /d5eFYHi!PNf4Bk~
2025-02-07 01:04:06,204 - api_test - INFO - Request: POST https://reqres.in/api/login
2025-02-07 01:04:06,955 - api_test - INFO - Response: 400
2025-02-07 01:04:06,955 - api_test - ERROR - Request failed with status code {"error":"user not found"}
2025-02-07 01:04:06,963 - api_test - INFO - Testing login with 11/d5eFYHi!PNf5Bk~
2025-02-07 01:04:06,964 - api_test - INFO - Request: POST https://reqres.in/api/login
2025-02-07 01:04:07,468 - api_test - INFO - Response: 400
2025-02-07 01:04:07,468 - api_test - ERROR - Request failed with status code {"error":"user not found"}
2025-02-07 01:04:07,475 - api_test - INFO - Testing login with 3nU17FmDUJbOnBnZDTLcSsNThY7z43J4TE8JYbUgqyG97QkmVoWoCwqlKgDgFq3pD/d5eFYHi!PNf6Bk~
2025-02-07 01:04:07,476 - api_test - INFO - Request: POST https://reqres.in/api/login
2025-02-07 01:04:08,258 - api_test - INFO - Response: 400
2025-02-07 01:04:08,258 - api_test - ERROR - Request failed with status code {"error":"user not found"}
2025-02-07 01:04:08,264 - api_test - INFO - Testing login with   /d5eFYHi!PNf7Bk~
2025-02-07 01:04:08,265 - api_test - INFO - Request: POST https://reqres.in/api/login
2025-02-07 01:04:09,113 - api_test - INFO - Response: 400
2025-02-07 01:04:09,113 - api_test - ERROR - Request failed with status code {"error":"user not found"}
2025-02-07 01:04:09,118 - api_test - INFO - Testing login with admin/123
2025-02-07 01:04:09,119 - api_test - INFO - Request: POST https://reqres.in/api/login
2025-02-07 01:04:09,691 - api_test - INFO - Response: 400
2025-02-07 01:04:09,691 - api_test - ERROR - Request failed with status code {"error":"user not found"}
2025-02-07 01:04:09,699 - api_test - INFO - Testing login with 111/111
2025-02-07 01:04:09,699 - api_test - INFO - Request: POST https://reqres.in/api/login
2025-02-07 01:04:10,212 - api_test - INFO - Response: 400
2025-02-07 01:04:10,213 - api_test - ERROR - Request failed with status code {"error":"user not found"}
2025-02-07 01:04:10,221 - api_test - INFO - Testing login with admin/1234
2025-02-07 01:04:10,222 - api_test - INFO - Request: POST https://reqres.in/api/login
2025-02-07 01:04:10,741 - api_test - INFO - Response: 400
2025-02-07 01:04:10,741 - api_test - ERROR - Request failed with status code {"error":"user not found"}
2025-02-07 01:04:10,751 - api_test - INFO - Testing login with admin/53APng01zzkCGGjWSiLQTrcJoF77HCalS
2025-02-07 01:04:10,752 - api_test - INFO - Request: POST https://reqres.in/api/login
2025-02-07 01:04:11,787 - api_test - INFO - Response: 400
2025-02-07 01:04:11,789 - api_test - ERROR - Request failed with status code {"error":"user not found"}
2025-02-07 01:13:30,304 - api_test - INFO - 文件路径为空, 将使用默认路径
2025-02-07 01:13:30,305 - api_test - INFO - 默认文件路径为: D:\projects\API_autotest\data\casedata.xlsx
2025-02-07 01:13:30,711 - api_test - INFO - 读取excel成功, sheet_name: Login, use_cols: ['账号名', '密码', '预期结果'], skip_rows: None
2025-02-07 01:13:30,712 - api_test - INFO - 读取excel成功, sheet_name: Login, use_cols: ['账号名', '密码', '预期结果'], skip_rows: None
2025-02-07 01:13:30,712 - api_test - INFO - 读取excel成功, sheet_name: Login, use_cols: ['账号名', '密码', '预期结果'], skip_rows: None
2025-02-07 01:13:30,713 - api_test - INFO - 读取excel成功, sheet_name: Login, use_cols: ['账号名', '密码', '预期结果'], skip_rows: None
2025-02-07 01:13:30,714 - api_test - INFO - 读取excel成功, sheet_name: Login, use_cols: ['账号名', '密码', '预期结果'], skip_rows: None
2025-02-07 01:13:30,714 - api_test - INFO - 读取excel成功, sheet_name: Login, use_cols: ['账号名', '密码', '预期结果'], skip_rows: None
2025-02-07 01:13:30,715 - api_test - INFO - 读取excel成功, sheet_name: Login, use_cols: ['账号名', '密码', '预期结果'], skip_rows: None
2025-02-07 01:13:30,715 - api_test - INFO - 读取excel成功, sheet_name: Login, use_cols: ['账号名', '密码', '预期结果'], skip_rows: None
2025-02-07 01:13:30,715 - api_test - INFO - 读取excel成功, sheet_name: Login, use_cols: ['账号名', '密码', '预期结果'], skip_rows: None
2025-02-07 01:13:30,725 - api_test - INFO - Testing login with admin/d5eFYHi!PNf3Bk~
2025-02-07 01:13:30,725 - api_test - INFO - Request: POST https://reqres.in/api/login
2025-02-07 01:13:32,079 - api_test - INFO - Response: 400
2025-02-07 01:13:32,080 - api_test - ERROR - Request failed with status code {"error":"user not found"}
2025-02-07 01:13:32,333 - api_test - INFO - Testing login with     /d5eFYHi!PNf4Bk~
2025-02-07 01:13:32,334 - api_test - INFO - Request: POST https://reqres.in/api/login
2025-02-07 01:13:33,485 - api_test - INFO - Response: 400
2025-02-07 01:13:33,486 - api_test - ERROR - Request failed with status code {"error":"user not found"}
2025-02-07 01:13:33,495 - api_test - INFO - Testing login with 11/d5eFYHi!PNf5Bk~
2025-02-07 01:13:33,496 - api_test - INFO - Request: POST https://reqres.in/api/login
2025-02-07 01:13:34,416 - api_test - INFO - Response: 400
2025-02-07 01:13:34,416 - api_test - ERROR - Request failed with status code {"error":"user not found"}
2025-02-07 01:13:34,429 - api_test - INFO - Testing login with 3nU17FmDUJbOnBnZDTLcSsNThY7z43J4TE8JYbUgqyG97QkmVoWoCwqlKgDgFq3pD/d5eFYHi!PNf6Bk~
2025-02-07 01:13:34,429 - api_test - INFO - Request: POST https://reqres.in/api/login
2025-02-07 01:13:34,952 - api_test - INFO - Response: 400
2025-02-07 01:13:34,953 - api_test - ERROR - Request failed with status code {"error":"user not found"}
2025-02-07 01:13:34,965 - api_test - INFO - Testing login with   /d5eFYHi!PNf7Bk~
2025-02-07 01:13:34,965 - api_test - INFO - Request: POST https://reqres.in/api/login
2025-02-07 01:13:35,481 - api_test - INFO - Response: 400
2025-02-07 01:13:35,482 - api_test - ERROR - Request failed with status code {"error":"user not found"}
2025-02-07 01:13:35,492 - api_test - INFO - Testing login with admin/123
2025-02-07 01:13:35,493 - api_test - INFO - Request: POST https://reqres.in/api/login
2025-02-07 01:13:36,013 - api_test - INFO - Response: 400
2025-02-07 01:13:36,014 - api_test - ERROR - Request failed with status code {"error":"user not found"}
2025-02-07 01:13:36,044 - api_test - INFO - Testing login with 111/111
2025-02-07 01:13:36,045 - api_test - INFO - Request: POST https://reqres.in/api/login
2025-02-07 01:13:36,586 - api_test - INFO - Response: 400
2025-02-07 01:13:36,587 - api_test - ERROR - Request failed with status code {"error":"user not found"}
2025-02-07 01:13:36,598 - api_test - INFO - Testing login with admin/1234
2025-02-07 01:13:36,598 - api_test - INFO - Request: POST https://reqres.in/api/login
2025-02-07 01:13:37,117 - api_test - INFO - Response: 400
2025-02-07 01:13:37,118 - api_test - ERROR - Request failed with status code {"error":"user not found"}
2025-02-07 01:13:37,127 - api_test - INFO - Testing login with admin/53APng01zzkCGGjWSiLQTrcJoF77HCalS
2025-02-07 01:13:37,128 - api_test - INFO - Request: POST https://reqres.in/api/login
2025-02-07 01:13:37,970 - api_test - INFO - Response: 400
2025-02-07 01:13:37,970 - api_test - ERROR - Request failed with status code {"error":"user not found"}
2025-02-07 01:20:51,204 - api_test - INFO - 文件路径为空, 将使用默认路径
2025-02-07 01:20:51,205 - api_test - INFO - 默认文件路径为: D:\projects\API_autotest\data\casedata.xlsx
2025-02-07 01:20:51,647 - api_test - INFO - 读取excel成功, sheet_name: Login, use_cols: ['账号名', '密码', '预期结果'], skip_rows: None
2025-02-07 01:20:51,648 - api_test - INFO - 读取excel成功, sheet_name: Login, use_cols: ['账号名', '密码', '预期结果'], skip_rows: None
2025-02-07 01:20:51,649 - api_test - INFO - 读取excel成功, sheet_name: Login, use_cols: ['账号名', '密码', '预期结果'], skip_rows: None
2025-02-07 01:20:51,650 - api_test - INFO - 读取excel成功, sheet_name: Login, use_cols: ['账号名', '密码', '预期结果'], skip_rows: None
2025-02-07 01:20:51,650 - api_test - INFO - 读取excel成功, sheet_name: Login, use_cols: ['账号名', '密码', '预期结果'], skip_rows: None
2025-02-07 01:20:51,651 - api_test - INFO - 读取excel成功, sheet_name: Login, use_cols: ['账号名', '密码', '预期结果'], skip_rows: None
2025-02-07 01:20:51,652 - api_test - INFO - 读取excel成功, sheet_name: Login, use_cols: ['账号名', '密码', '预期结果'], skip_rows: None
2025-02-07 01:20:51,652 - api_test - INFO - 读取excel成功, sheet_name: Login, use_cols: ['账号名', '密码', '预期结果'], skip_rows: None
2025-02-07 01:20:51,653 - api_test - INFO - 读取excel成功, sheet_name: Login, use_cols: ['账号名', '密码', '预期结果'], skip_rows: None
2025-02-07 01:20:51,660 - api_test - INFO - Testing login with admin/d5eFYHi!PNf3Bk~
2025-02-07 01:20:51,661 - api_test - INFO - Request: POST https://reqres.in/api/login
2025-02-07 01:20:52,822 - api_test - INFO - Response: 400
2025-02-07 01:20:52,823 - api_test - ERROR - Request failed with status code {"error":"user not found"}
2025-02-07 01:20:52,823 - api_test - INFO - 响应状态码: 400
2025-02-07 01:20:53,079 - api_test - INFO - Testing login with     /d5eFYHi!PNf4Bk~
2025-02-07 01:20:53,080 - api_test - INFO - Request: POST https://reqres.in/api/login
2025-02-07 01:20:53,661 - api_test - INFO - Response: 400
2025-02-07 01:20:53,661 - api_test - ERROR - Request failed with status code {"error":"user not found"}
2025-02-07 01:20:53,661 - api_test - INFO - 响应状态码: 400
2025-02-07 01:20:53,673 - api_test - INFO - Testing login with 11/d5eFYHi!PNf5Bk~
2025-02-07 01:20:53,673 - api_test - INFO - Request: POST https://reqres.in/api/login
2025-02-07 01:20:54,249 - api_test - INFO - Response: 400
2025-02-07 01:20:54,249 - api_test - ERROR - Request failed with status code {"error":"user not found"}
2025-02-07 01:20:54,250 - api_test - INFO - 响应状态码: 400
2025-02-07 01:20:54,282 - api_test - INFO - Testing login with 3nU17FmDUJbOnBnZDTLcSsNThY7z43J4TE8JYbUgqyG97QkmVoWoCwqlKgDgFq3pD/d5eFYHi!PNf6Bk~
2025-02-07 01:20:54,282 - api_test - INFO - Request: POST https://reqres.in/api/login
2025-02-07 01:20:54,847 - api_test - INFO - Response: 400
2025-02-07 01:20:54,848 - api_test - ERROR - Request failed with status code {"error":"user not found"}
2025-02-07 01:20:54,848 - api_test - INFO - 响应状态码: 400
2025-02-07 01:20:54,860 - api_test - INFO - Testing login with   /d5eFYHi!PNf7Bk~
2025-02-07 01:20:54,861 - api_test - INFO - Request: POST https://reqres.in/api/login
2025-02-07 01:20:55,413 - api_test - INFO - Response: 400
2025-02-07 01:20:55,414 - api_test - ERROR - Request failed with status code {"error":"user not found"}
2025-02-07 01:20:55,414 - api_test - INFO - 响应状态码: 400
2025-02-07 01:20:55,424 - api_test - INFO - Testing login with admin/123
2025-02-07 01:20:55,425 - api_test - INFO - Request: POST https://reqres.in/api/login
2025-02-07 01:20:55,984 - api_test - INFO - Response: 400
2025-02-07 01:20:55,986 - api_test - ERROR - Request failed with status code {"error":"user not found"}
2025-02-07 01:20:55,986 - api_test - INFO - 响应状态码: 400
2025-02-07 01:20:55,996 - api_test - INFO - Testing login with 111/111
2025-02-07 01:20:55,996 - api_test - INFO - Request: POST https://reqres.in/api/login
2025-02-07 01:20:57,165 - api_test - INFO - Response: 400
2025-02-07 01:20:57,166 - api_test - ERROR - Request failed with status code {"error":"user not found"}
2025-02-07 01:20:57,166 - api_test - INFO - 响应状态码: 400
2025-02-07 01:20:57,183 - api_test - INFO - Testing login with admin/1234
2025-02-07 01:20:57,184 - api_test - INFO - Request: POST https://reqres.in/api/login
2025-02-07 01:20:57,735 - api_test - INFO - Response: 400
2025-02-07 01:20:57,735 - api_test - ERROR - Request failed with status code {"error":"user not found"}
2025-02-07 01:20:57,735 - api_test - INFO - 响应状态码: 400
2025-02-07 01:20:57,746 - api_test - INFO - Testing login with admin/53APng01zzkCGGjWSiLQTrcJoF77HCalS
2025-02-07 01:20:57,746 - api_test - INFO - Request: POST https://reqres.in/api/login
2025-02-07 01:20:58,344 - api_test - INFO - Response: 400
2025-02-07 01:20:58,345 - api_test - ERROR - Request failed with status code {"error":"user not found"}
2025-02-07 01:20:58,345 - api_test - INFO - 响应状态码: 400
